TN:
SF:src/colors.ts
FN:1,__name
FN:4,anonymous_1
FN:4,anonymous_2
FN:6,anonymous_3
FNDA:2,__name
FNDA:16,anonymous_1
FNDA:149,anonymous_2
FNDA:1,anonymous_3
FNF:4
FNH:4
BRDA:1,0,0,1
BRDA:1,1,0,2
BRDA:4,2,0,16
BRDA:4,3,0,149
BRDA:6,4,0,1
BRF:5
BRH:5
DA:1,1
DA:2,2
DA:3,1
DA:4,1
DA:5,1
DA:6,1
DA:7,1
DA:8,1
DA:9,1
DA:10,1
DA:11,1
DA:12,1
DA:13,1
DA:14,1
DA:15,1
DA:16,1
DA:17,1
DA:18,1
DA:19,1
DA:20,1
DA:21,1
DA:22,1
LH:22
LF:22
end_of_record
SF:src/index.ts
FN:1,__name
FN:17,anonymous_1
FN:21,anonymous_2
FN:38,anonymous_3
FN:63,anonymous_4
FN:80,anonymous_5
FNDA:5,__name
FNDA:62,anonymous_1
FNDA:31,anonymous_2
FNDA:105,anonymous_3
FNDA:21,anonymous_4
FNDA:42,anonymous_5
FNF:6
FNH:6
BRDA:1,0,0,1
BRDA:1,1,0,5
BRDA:17,2,0,62
BRDA:21,3,0,31
BRDA:24,4,0,27
BRDA:24,5,0,28
BRDA:26,6,0,30
BRDA:31,7,0,30
BRDA:32,8,0,29
BRDA:33,9,0,30
BRDA:33,10,0,1
BRDA:35,11,0,30
BRDA:38,12,0,31
BRDA:41,13,0,105
BRDA:42,14,0,0
BRDA:46,15,0,62
BRDA:46,16,0,43
BRDA:46,17,0,0
BRDA:47,18,0,43
BRDA:48,19,0,10
BRDA:49,20,0,33
BRDA:51,21,0,1
BRDA:53,22,0,32
BRDA:54,23,0,9
BRDA:56,24,0,23
BRDA:58,25,0,23
BRDA:63,26,0,9
BRDA:66,27,0,21
BRDA:66,28,0,18
BRDA:70,29,0,3
BRDA:70,30,0,1
BRDA:74,31,0,2
BRDA:80,32,0,23
BRDA:88,33,0,22
BRDA:89,34,0,1
BRDA:90,35,0,42
BRDA:91,36,0,0
BRDA:94,37,0,2
BRDA:94,38,0,1
BRDA:98,39,0,41
BRDA:99,40,0,30
BRDA:101,41,0,29
BRDA:104,42,0,11
BRDA:104,43,0,1
BRDA:106,44,0,10
BRF:45
BRH:42
DA:1,1
DA:2,5
DA:3,5
DA:4,5
DA:5,1
DA:6,1
DA:7,1
DA:8,1
DA:9,1
DA:10,1
DA:11,1
DA:12,1
DA:13,1
DA:14,1
DA:15,1
DA:16,1
DA:17,1
DA:18,62
DA:19,1
DA:20,1
DA:21,1
DA:22,31
DA:23,31
DA:24,31
DA:25,31
DA:26,31
DA:27,31
DA:28,31
DA:29,31
DA:30,31
DA:31,31
DA:32,31
DA:33,31
DA:34,31
DA:35,31
DA:36,30
DA:37,1
DA:38,1
DA:39,31
DA:40,31
DA:41,31
DA:42,105
DA:43,105
DA:44,105
DA:45,105
DA:46,105
DA:47,105
DA:48,105
DA:49,105
DA:50,33
DA:51,105
DA:52,1
DA:53,105
DA:54,105
DA:55,9
DA:56,105
DA:57,23
DA:58,105
DA:59,23
DA:60,23
DA:61,31
DA:62,1
DA:63,1
DA:64,9
DA:65,9
DA:66,9
DA:67,18
DA:68,18
DA:69,18
DA:70,21
DA:71,1
DA:72,1
DA:73,1
DA:74,21
DA:75,2
DA:76,2
DA:77,2
DA:78,2
DA:79,1
DA:80,1
DA:81,23
DA:82,23
DA:83,23
DA:84,23
DA:85,23
DA:86,23
DA:87,23
DA:88,23
DA:89,23
DA:90,23
DA:91,42
DA:92,42
DA:93,42
DA:94,42
DA:95,1
DA:96,1
DA:97,1
DA:98,42
DA:99,42
DA:100,30
DA:101,30
DA:102,29
DA:103,29
DA:104,42
DA:105,1
DA:106,42
DA:107,10
DA:108,10
DA:109,10
DA:110,10
DA:111,10
DA:112,10
DA:113,1
DA:114,1
DA:115,1
DA:116,1
DA:117,1
DA:118,1
DA:119,1
DA:120,1
DA:121,1
DA:122,1
DA:123,1
DA:124,1
DA:125,1
DA:126,1
DA:127,1
DA:128,1
DA:129,1
DA:130,1
DA:131,1
DA:132,1
DA:133,1
DA:134,1
DA:135,1
DA:136,1
DA:137,1
DA:138,1
DA:139,1
DA:140,1
DA:141,1
DA:142,1
DA:143,1
DA:144,1
DA:145,1
DA:146,1
DA:147,1
DA:148,1
DA:149,1
DA:150,1
DA:151,1
DA:152,1
DA:153,1
DA:154,1
DA:155,1
DA:156,1
DA:157,1
DA:158,1
DA:159,1
DA:160,1
DA:161,1
DA:162,1
DA:163,1
DA:164,1
DA:165,1
DA:166,1
DA:167,1
DA:168,1
DA:169,1
DA:170,1
LH:170
LF:170
end_of_record
SF:src/renderer.ts
FN:1,__name
FN:7,anonymous_1
FN:17,anonymous_2
FN:20,anonymous_3
FN:29,anonymous_4
FN:40,anonymous_5
FN:43,anonymous_6
FN:49,anonymous_7
FN:52,anonymous_8
FN:60,anonymous_9
FN:66,anonymous_10
FN:72,anonymous_11
FN:76,anonymous_12
FN:83,anonymous_13
FNDA:13,__name
FNDA:57,anonymous_1
FNDA:14,anonymous_2
FNDA:57,anonymous_3
FNDA:1,anonymous_4
FNDA:22,anonymous_5
FNDA:2,anonymous_6
FNDA:41,anonymous_7
FNDA:30,anonymous_8
FNDA:1,anonymous_9
FNDA:18,anonymous_10
FNDA:1,anonymous_11
FNDA:1,anonymous_12
FNDA:1,anonymous_13
FNF:14
FNH:14
BRDA:1,0,0,1
BRDA:1,1,0,13
BRDA:7,2,0,57
BRDA:8,3,0,2
BRDA:8,4,0,55
BRDA:8,5,0,39
BRDA:10,6,0,4
BRDA:10,7,0,2
BRDA:10,8,0,4
BRDA:11,9,0,6
BRDA:13,10,0,2
BRDA:13,11,0,4
BRDA:13,12,0,2
BRDA:15,13,0,0
BRDA:17,14,0,14
BRDA:20,15,0,57
BRDA:21,16,0,2
BRDA:22,17,0,55
BRDA:29,18,0,1
BRDA:40,19,0,22
BRDA:43,20,0,21
BRDA:43,21,0,2
BRDA:49,22,0,41
BRDA:51,23,0,39
BRDA:52,24,0,30
BRDA:53,25,0,1
BRDA:53,26,0,1
BRDA:54,27,0,29
BRDA:60,28,0,1
BRDA:66,29,0,18
BRDA:72,30,0,1
BRDA:76,31,0,1
BRDA:83,32,0,1
BRF:33
BRH:32
DA:1,1
DA:2,1
DA:3,1
DA:4,1
DA:5,1
DA:6,1
DA:7,1
DA:8,57
DA:9,39
DA:10,57
DA:11,57
DA:12,6
DA:13,57
DA:14,2
DA:15,1
DA:16,1
DA:17,1
DA:18,1
DA:19,1
DA:20,1
DA:21,57
DA:22,57
DA:23,55
DA:24,55
DA:25,55
DA:26,55
DA:27,55
DA:28,1
DA:29,1
DA:30,1
DA:31,1
DA:32,1
DA:33,1
DA:34,1
DA:35,1
DA:36,1
DA:37,1
DA:38,1
DA:39,1
DA:40,1
DA:41,22
DA:42,22
DA:43,1
DA:44,2
DA:45,2
DA:46,2
DA:47,1
DA:48,1
DA:49,1
DA:50,41
DA:51,41
DA:52,1
DA:53,30
DA:54,30
DA:55,29
DA:56,29
DA:57,29
DA:58,1
DA:59,1
DA:60,1
DA:61,1
DA:62,1
DA:63,1
DA:64,1
DA:65,1
DA:66,1
DA:67,18
DA:68,18
DA:69,1
DA:70,1
DA:71,1
DA:72,1
DA:73,1
DA:74,1
DA:75,1
DA:76,1
DA:77,1
DA:78,1
DA:79,1
DA:80,1
DA:81,1
DA:82,1
DA:83,1
DA:84,1
DA:85,1
DA:86,1
DA:87,1
DA:88,1
DA:89,1
DA:90,1
DA:91,1
DA:92,1
DA:93,1
DA:94,1
DA:95,1
DA:96,1
DA:97,1
DA:98,1
DA:99,1
DA:100,1
DA:101,1
DA:102,1
DA:103,1
DA:104,1
DA:105,1
DA:106,1
DA:107,1
DA:108,1
DA:109,1
DA:110,1
DA:111,1
DA:112,1
DA:113,1
DA:114,1
DA:115,1
DA:116,1
DA:117,1
DA:118,1
DA:119,1
DA:120,1
DA:121,1
DA:122,1
DA:123,1
DA:124,1
DA:125,1
DA:126,1
DA:127,1
DA:128,1
DA:129,1
DA:130,1
DA:131,1
DA:132,1
LH:132
LF:132
end_of_record
SF:src/utils.ts
FN:2,__name
FN:12,anonymous_1
FN:13,anonymous_2
FN:21,anonymous_3
FN:26,anonymous_4
FN:30,anonymous_5
FN:34,anonymous_6
FN:36,anonymous_7
FN:42,anonymous_8
FNDA:7,__name
FNDA:1,anonymous_1
FNDA:1065,anonymous_2
FNDA:40,anonymous_3
FNDA:2,anonymous_4
FNDA:4,anonymous_5
FNDA:120,anonymous_6
FNDA:30,anonymous_7
FNDA:105,anonymous_8
FNF:9
FNH:9
BRDA:1,0,0,1
BRDA:2,1,0,7
BRDA:12,2,0,1
BRDA:13,3,0,1065
BRDA:14,4,0,1002
BRDA:18,5,0,1
BRDA:21,6,0,22
BRDA:22,7,0,40
BRDA:22,8,0,28
BRDA:26,9,0,2
BRDA:30,10,0,4
BRDA:34,11,0,120
BRDA:34,12,0,74
BRDA:34,13,0,46
BRDA:36,14,0,30
BRDA:42,15,0,105
BRDA:44,16,0,103
BRDA:44,17,0,5
BRDA:44,18,0,100
BRDA:45,19,0,96
BRDA:45,20,0,92
BRDA:46,21,0,12
BRDA:46,22,0,88
BRDA:46,23,0,40
BRDA:48,24,0,39
BRDA:48,25,0,49
BRDA:48,26,0,17
BRF:27
BRH:27
DA:1,1
DA:2,1
DA:3,7
DA:4,1
DA:5,1
DA:6,1
DA:7,1
DA:8,1
DA:9,1
DA:10,1
DA:11,1
DA:12,1
DA:13,1
DA:14,1065
DA:15,1002
DA:16,1002
DA:17,1002
DA:18,1065
DA:19,1
DA:20,1
DA:21,1
DA:22,22
DA:23,1
DA:24,1
DA:25,1
DA:26,1
DA:27,2
DA:28,2
DA:29,2
DA:30,2
DA:31,1
DA:32,1
DA:33,1
DA:34,1
DA:35,1
DA:36,1
DA:37,1
DA:38,1
DA:39,1
DA:40,1
DA:41,1
DA:42,1
DA:43,105
DA:44,105
DA:45,105
DA:46,105
DA:47,40
DA:48,105
DA:49,1
DA:50,1
DA:51,1
DA:52,1
DA:53,1
DA:54,1
DA:55,1
DA:56,1
DA:57,1
DA:58,1
DA:59,1
DA:60,1
DA:61,1
DA:62,1
DA:63,1
DA:64,1
DA:65,1
DA:66,1
DA:67,1
DA:68,1
DA:69,1
DA:70,1
DA:71,1
DA:72,1
DA:73,1
DA:74,1
DA:75,1
DA:76,1
LH:76
LF:76
end_of_record
SF:tests/index.test.ts
FN:2,__name
FN:9,anonymous_1
FN:10,anonymous_2
FN:12,anonymous_3
FN:16,anonymous_4
FN:22,anonymous_5
FN:26,anonymous_6
FN:31,anonymous_7
FN:37,anonymous_8
FN:47,anonymous_9
FN:54,anonymous_10
FN:65,anonymous_11
FN:74,anonymous_12
FN:97,anonymous_13
FN:105,anonymous_14
FN:115,anonymous_15
FN:124,anonymous_16
FN:134,anonymous_17
FN:137,anonymous_18
FN:143,anonymous_19
FN:150,anonymous_20
FN:151,<static_initializer>
FN:151,Input
FN:159,anonymous_23
FN:169,anonymous_24
FN:179,anonymous_25
FN:186,anonymous_26
FN:187,anonymous_27
FN:193,anonymous_28
FN:200,anonymous_29
FN:203,anonymous_30
FN:209,anonymous_31
FN:214,anonymous_32
FN:222,anonymous_33
FN:233,anonymous_34
FN:239,anonymous_35
FN:246,anonymous_36
FN:250,anonymous_37
FNDA:1,__name
FNDA:1,anonymous_1
FNDA:1,anonymous_2
FNDA:1,anonymous_3
FNDA:1,anonymous_4
FNDA:1,anonymous_5
FNDA:1,anonymous_6
FNDA:1,anonymous_7
FNDA:1,anonymous_8
FNDA:1,anonymous_9
FNDA:1,anonymous_10
FNDA:1,anonymous_11
FNDA:1,anonymous_12
FNDA:1,anonymous_13
FNDA:1,anonymous_14
FNDA:1,anonymous_15
FNDA:1,anonymous_16
FNDA:1,anonymous_17
FNDA:1,anonymous_18
FNDA:1,anonymous_19
FNDA:1,anonymous_20
FNDA:1,<static_initializer>
FNDA:1,Input
FNDA:1,anonymous_23
FNDA:1,anonymous_24
FNDA:1,anonymous_25
FNDA:1,anonymous_26
FNDA:1,anonymous_27
FNDA:1,anonymous_28
FNDA:1,anonymous_29
FNDA:1,anonymous_30
FNDA:1,anonymous_31
FNDA:1,anonymous_32
FNDA:1,anonymous_33
FNDA:1,anonymous_34
FNDA:1,anonymous_35
FNDA:1,anonymous_36
FNDA:1000,anonymous_37
FNF:38
FNH:38
BRDA:1,0,0,1
BRDA:2,1,0,1
BRDA:9,2,0,1
BRDA:10,3,0,1
BRDA:12,4,0,1
BRDA:16,5,0,1
BRDA:22,6,0,1
BRDA:26,7,0,1
BRDA:31,8,0,1
BRDA:37,9,0,1
BRDA:47,10,0,1
BRDA:54,11,0,1
BRDA:65,12,0,1
BRDA:74,13,0,1
BRDA:97,14,0,1
BRDA:105,15,0,1
BRDA:115,16,0,1
BRDA:124,17,0,1
BRDA:134,18,0,1
BRDA:137,19,0,1
BRDA:143,20,0,1
BRDA:150,21,0,1
BRDA:151,22,0,1
BRDA:151,23,0,1
BRDA:159,24,0,1
BRDA:169,25,0,1
BRDA:179,26,0,1
BRDA:186,27,0,1
BRDA:187,28,0,1
BRDA:193,29,0,1
BRDA:200,30,0,1
BRDA:203,31,0,1
BRDA:209,32,0,1
BRDA:214,33,0,1
BRDA:222,34,0,1
BRDA:233,35,0,1
BRDA:239,36,0,1
BRDA:246,37,0,1
BRDA:250,38,0,1
BRDA:252,39,0,1000
BRF:40
BRH:40
DA:1,1
DA:2,1
DA:3,1
DA:4,1
DA:5,1
DA:6,1
DA:7,1
DA:8,1
DA:9,1
DA:10,1
DA:11,1
DA:12,1
DA:13,1
DA:14,1
DA:15,1
DA:16,1
DA:17,1
DA:18,1
DA:19,1
DA:20,1
DA:21,1
DA:22,1
DA:23,1
DA:24,1
DA:25,1
DA:26,1
DA:27,1
DA:28,1
DA:29,1
DA:30,1
DA:31,1
DA:32,1
DA:33,1
DA:34,1
DA:35,1
DA:36,1
DA:37,1
DA:38,1
DA:39,1
DA:40,1
DA:41,1
DA:42,1
DA:43,1
DA:44,1
DA:45,1
DA:46,1
DA:47,1
DA:48,1
DA:49,1
DA:50,1
DA:51,1
DA:52,1
DA:53,1
DA:54,1
DA:55,1
DA:56,1
DA:57,1
DA:58,1
DA:59,1
DA:60,1
DA:61,1
DA:62,1
DA:63,1
DA:64,1
DA:65,1
DA:66,1
DA:67,1
DA:68,1
DA:69,1
DA:70,1
DA:71,1
DA:72,1
DA:73,1
DA:74,1
DA:75,1
DA:76,1
DA:77,1
DA:78,1
DA:79,1
DA:80,1
DA:81,1
DA:82,1
DA:83,1
DA:84,1
DA:85,1
DA:86,1
DA:87,1
DA:88,1
DA:89,1
DA:90,1
DA:91,1
DA:92,1
DA:93,1
DA:94,1
DA:95,1
DA:96,1
DA:97,1
DA:98,1
DA:99,1
DA:100,1
DA:101,1
DA:102,1
DA:103,1
DA:104,1
DA:105,1
DA:106,1
DA:107,1
DA:108,1
DA:109,1
DA:110,1
DA:111,1
DA:112,1
DA:113,1
DA:114,1
DA:115,1
DA:116,1
DA:117,1
DA:118,1
DA:119,1
DA:120,1
DA:121,1
DA:122,1
DA:123,1
DA:124,1
DA:125,1
DA:126,1
DA:127,1
DA:128,1
DA:129,1
DA:130,1
DA:131,1
DA:132,1
DA:133,1
DA:134,1
DA:135,1
DA:136,1
DA:137,1
DA:138,1
DA:139,1
DA:140,1
DA:141,1
DA:142,1
DA:143,1
DA:144,1
DA:145,1
DA:146,1
DA:147,1
DA:148,1
DA:149,1
DA:150,1
DA:151,1
DA:152,1
DA:153,1
DA:154,1
DA:155,1
DA:156,1
DA:157,1
DA:158,1
DA:159,1
DA:160,1
DA:161,1
DA:162,1
DA:163,1
DA:164,1
DA:165,1
DA:166,1
DA:167,1
DA:168,1
DA:169,1
DA:170,1
DA:171,1
DA:172,1
DA:173,1
DA:174,1
DA:175,1
DA:176,1
DA:177,1
DA:178,1
DA:179,1
DA:180,1
DA:181,1
DA:182,1
DA:183,1
DA:184,1
DA:185,1
DA:186,1
DA:187,1
DA:188,1
DA:189,1
DA:190,1
DA:191,1
DA:192,1
DA:193,1
DA:194,1
DA:195,1
DA:196,1
DA:197,1
DA:198,1
DA:199,1
DA:200,1
DA:201,1
DA:202,1
DA:203,1
DA:204,1
DA:205,1
DA:206,1
DA:207,1
DA:208,1
DA:209,1
DA:210,1
DA:211,1
DA:212,1
DA:213,1
DA:214,1
DA:215,1
DA:216,1
DA:217,1
DA:218,1
DA:219,1
DA:220,1
DA:221,1
DA:222,1
DA:223,1
DA:224,1
DA:225,1
DA:226,1
DA:227,1
DA:228,1
DA:229,1
DA:230,1
DA:231,1
DA:232,1
DA:233,1
DA:234,1
DA:235,1
DA:236,1
DA:237,1
DA:238,1
DA:239,1
DA:240,1
DA:241,1
DA:242,1
DA:243,1
DA:244,1
DA:245,1
DA:246,1
DA:247,1
DA:248,1
DA:249,1
DA:250,1
DA:251,1
DA:252,1
DA:253,1
DA:254,1
DA:255,1
DA:256,1
DA:257,1
DA:258,1
DA:259,1
DA:260,1
DA:261,1
DA:262,1
DA:263,1
DA:264,1
DA:265,1
DA:266,1
DA:267,1
DA:268,1
DA:269,1
DA:270,1
DA:271,1
DA:272,1
DA:273,1
DA:274,1
DA:275,1
DA:276,1
DA:277,1
DA:278,1
DA:279,1
DA:280,1
DA:281,1
DA:282,1
DA:283,1
DA:284,1
DA:285,1
DA:286,1
DA:287,1
DA:288,1
DA:289,1
DA:290,1
DA:291,1
DA:292,1
DA:293,1
DA:294,1
DA:295,1
DA:296,1
DA:297,1
DA:298,1
DA:299,1
DA:300,1
DA:301,1
DA:302,1
DA:303,1
DA:304,1
DA:305,1
DA:306,1
DA:307,1
DA:308,1
DA:309,1
DA:310,1
DA:311,1
DA:312,1
DA:313,1
DA:314,1
DA:315,1
DA:316,1
DA:317,1
DA:318,1
DA:319,1
DA:320,1
DA:321,1
DA:322,1
DA:323,1
DA:324,1
DA:325,1
DA:326,1
DA:327,1
DA:328,1
DA:329,1
DA:330,1
DA:331,1
DA:332,1
DA:333,1
DA:334,1
DA:335,1
DA:336,1
DA:337,1
DA:338,1
DA:339,1
DA:340,1
DA:341,1
DA:342,1
DA:343,1
DA:344,1
DA:345,1
DA:346,1
DA:347,1
DA:348,1
DA:349,1
DA:350,1
DA:351,1
DA:352,1
DA:353,1
DA:354,1
DA:355,1
DA:356,1
DA:357,1
DA:358,1
DA:359,1
DA:360,1
DA:361,1
DA:362,1
DA:363,1
DA:364,1
DA:365,1
DA:366,1
DA:367,1
DA:368,1
DA:369,1
DA:370,1
DA:371,1
DA:372,1
DA:373,1
DA:374,1
DA:375,1
DA:376,1
DA:377,1
DA:378,1
DA:379,1
DA:380,1
DA:381,1
DA:382,1
DA:383,1
DA:384,1
DA:385,1
DA:386,1
DA:387,1
DA:388,1
DA:389,1
DA:390,1
DA:391,1
DA:392,1
DA:393,1
DA:394,1
DA:395,1
DA:396,1
DA:397,1
DA:398,1
DA:399,1
DA:400,1
DA:401,1
DA:402,1
DA:403,1
DA:404,1
DA:405,1
DA:406,1
DA:407,1
DA:408,1
DA:409,1
DA:410,1
DA:411,1
DA:412,1
DA:413,1
DA:414,1
DA:415,1
DA:416,1
DA:417,1
DA:418,1
DA:419,1
DA:420,1
DA:421,1
DA:422,1
DA:423,1
DA:424,1
DA:425,1
DA:426,1
DA:427,1
LH:427
LF:427
end_of_record
